
*** Running vivado
    with args -log csa.vds -m64 -product Vivado -mode batch -messageDb vivado.pb -notrace -source csa.tcl


****** Vivado v2024.2 (64-bit)
  **** SW Build 5239630 on Fri Nov 08 22:34:34 MST 2024
  **** IP Build 5239520 on Sun Nov 10 16:12:51 MST 2024
  **** SharedData Build 5239561 on Fri Nov 08 14:39:27 MST 2024
  **** Start of session at: Sat Jan 11 19:24:40 2025
    ** Copyright 1986-2022 Xilinx, Inc. All Rights Reserved.
    ** Copyright 2022-2024 Advanced Micro Devices, Inc. All Rights Reserved.

source csa.tcl -notrace
Command: synth_design -top csa -part xc7a35tcpg236-1
Starting synth_design
Attempting to get a license for feature 'Synthesis' and/or device 'xc7a35t'
INFO: [Common 17-349] Got license for feature 'Synthesis' and/or device 'xc7a35t'
INFO: [Synth 8-7079] Multithreading enabled for synth_design using a maximum of 7 processes.
INFO: [Synth 8-7078] Launching helper process for spawning children vivado processes
INFO: [Synth 8-7075] Helper process launched with PID 16035
---------------------------------------------------------------------------------
Starting Synthesize : Time (s): cpu = 00:00:03 ; elapsed = 00:00:05 . Memory (MB): peak = 1748.402 ; gain = 258.859 ; free physical = 248 ; free virtual = 7491
---------------------------------------------------------------------------------
INFO: [Synth 8-6157] synthesizing module 'csa' [/media/sohail/sohails/verilog-examples/carrysave_adder/carrysave_adder.srcs/sources_1/new/carrysave_adder.v:3]
INFO: [Synth 8-6157] synthesizing module 'fa' [/media/sohail/sohails/verilog-examples/carrysave_adder/carrysave_adder.srcs/sources_1/new/full_adder.v:4]
INFO: [Synth 8-6155] done synthesizing module 'fa' (0#1) [/media/sohail/sohails/verilog-examples/carrysave_adder/carrysave_adder.srcs/sources_1/new/full_adder.v:4]
INFO: [Synth 8-6155] done synthesizing module 'csa' (0#1) [/media/sohail/sohails/verilog-examples/carrysave_adder/carrysave_adder.srcs/sources_1/new/carrysave_adder.v:3]
---------------------------------------------------------------------------------
Finished Synthesize : Time (s): cpu = 00:00:04 ; elapsed = 00:00:06 . Memory (MB): peak = 1818.371 ; gain = 328.828 ; free physical = 161 ; free virtual = 7407
---------------------------------------------------------------------------------
---------------------------------------------------------------------------------
Finished Constraint Validation : Time (s): cpu = 00:00:04 ; elapsed = 00:00:07 . Memory (MB): peak = 1836.184 ; gain = 346.641 ; free physical = 169 ; free virtual = 7414
---------------------------------------------------------------------------------
---------------------------------------------------------------------------------
Start Loading Part and Timing Information
---------------------------------------------------------------------------------
Loading part: xc7a35tcpg236-1
INFO: [Device 21-403] Loading part xc7a35tcpg236-1
---------------------------------------------------------------------------------
Finished Loading Part and Timing Information : Time (s): cpu = 00:00:04 ; elapsed = 00:00:07 . Memory (MB): peak = 1844.188 ; gain = 354.645 ; free physical = 168 ; free virtual = 7414
---------------------------------------------------------------------------------
---------------------------------------------------------------------------------
Finished RTL Optimization Phase 2 : Time (s): cpu = 00:00:05 ; elapsed = 00:00:07 . Memory (MB): peak = 1844.188 ; gain = 354.645 ; free physical = 263 ; free virtual = 7509
---------------------------------------------------------------------------------
No constraint files found.
---------------------------------------------------------------------------------
Start RTL Component Statistics 
---------------------------------------------------------------------------------
Detailed RTL Component Info : 
+---XORs : 
	   3 Input      1 Bit         XORs := 8     
---------------------------------------------------------------------------------
Finished RTL Component Statistics 
---------------------------------------------------------------------------------
---------------------------------------------------------------------------------
Start Part Resource Summary
---------------------------------------------------------------------------------
Part Resources:
DSPs: 90 (col length:60)
BRAMs: 100 (col length: RAMB18 60 RAMB36 30)
---------------------------------------------------------------------------------
Finished Part Resource Summary
---------------------------------------------------------------------------------
No constraint files found.
---------------------------------------------------------------------------------
Start Cross Boundary and Area Optimization
---------------------------------------------------------------------------------
WARNING: [Synth 8-7080] Parallel synthesis criteria is not met
---------------------------------------------------------------------------------
Finished Cross Boundary and Area Optimization : Time (s): cpu = 00:00:07 ; elapsed = 00:00:13 . Memory (MB): peak = 1954.094 ; gain = 464.551 ; free physical = 168 ; free virtual = 7370
---------------------------------------------------------------------------------
No constraint files found.
---------------------------------------------------------------------------------
Start Timing Optimization
---------------------------------------------------------------------------------
---------------------------------------------------------------------------------
Finished Timing Optimization : Time (s): cpu = 00:00:07 ; elapsed = 00:00:13 . Memory (MB): peak = 1954.094 ; gain = 464.551 ; free physical = 168 ; free virtual = 7370
---------------------------------------------------------------------------------
---------------------------------------------------------------------------------
Start Technology Mapping
---------------------------------------------------------------------------------
---------------------------------------------------------------------------------
Finished Technology Mapping : Time (s): cpu = 00:00:07 ; elapsed = 00:00:13 . Memory (MB): peak = 1954.094 ; gain = 464.551 ; free physical = 168 ; free virtual = 7370
---------------------------------------------------------------------------------
---------------------------------------------------------------------------------
Start IO Insertion
---------------------------------------------------------------------------------
---------------------------------------------------------------------------------
Start Flattening Before IO Insertion
---------------------------------------------------------------------------------
---------------------------------------------------------------------------------
Finished Flattening Before IO Insertion
---------------------------------------------------------------------------------
---------------------------------------------------------------------------------
Start Final Netlist Cleanup
---------------------------------------------------------------------------------
---------------------------------------------------------------------------------
Finished Final Netlist Cleanup
---------------------------------------------------------------------------------
---------------------------------------------------------------------------------
Finished IO Insertion : Time (s): cpu = 00:00:10 ; elapsed = 00:00:16 . Memory (MB): peak = 2101.906 ; gain = 612.363 ; free physical = 130 ; free virtual = 7222
---------------------------------------------------------------------------------
---------------------------------------------------------------------------------
Start Renaming Generated Instances
---------------------------------------------------------------------------------
---------------------------------------------------------------------------------
Finished Renaming Generated Instances : Time (s): cpu = 00:00:10 ; elapsed = 00:00:16 . Memory (MB): peak = 2101.906 ; gain = 612.363 ; free physical = 130 ; free virtual = 7222
---------------------------------------------------------------------------------
---------------------------------------------------------------------------------
Start Rebuilding User Hierarchy
---------------------------------------------------------------------------------
---------------------------------------------------------------------------------
Finished Rebuilding User Hierarchy : Time (s): cpu = 00:00:10 ; elapsed = 00:00:16 . Memory (MB): peak = 2101.906 ; gain = 612.363 ; free physical = 130 ; free virtual = 7222
---------------------------------------------------------------------------------
---------------------------------------------------------------------------------
Start Renaming Generated Ports
---------------------------------------------------------------------------------
---------------------------------------------------------------------------------
Finished Renaming Generated Ports : Time (s): cpu = 00:00:10 ; elapsed = 00:00:16 . Memory (MB): peak = 2101.906 ; gain = 612.363 ; free physical = 130 ; free virtual = 7222
---------------------------------------------------------------------------------
---------------------------------------------------------------------------------
Start Handling Custom Attributes
---------------------------------------------------------------------------------
---------------------------------------------------------------------------------
Finished Handling Custom Attributes : Time (s): cpu = 00:00:10 ; elapsed = 00:00:16 . Memory (MB): peak = 2101.906 ; gain = 612.363 ; free physical = 130 ; free virtual = 7222
---------------------------------------------------------------------------------
---------------------------------------------------------------------------------
Start Renaming Generated Nets
---------------------------------------------------------------------------------
---------------------------------------------------------------------------------
Finished Renaming Generated Nets : Time (s): cpu = 00:00:10 ; elapsed = 00:00:16 . Memory (MB): peak = 2101.906 ; gain = 612.363 ; free physical = 130 ; free virtual = 7222
---------------------------------------------------------------------------------
---------------------------------------------------------------------------------
Start Writing Synthesis Report
---------------------------------------------------------------------------------

Report BlackBoxes: 
+-+--------------+----------+
| |BlackBox name |Instances |
+-+--------------+----------+
+-+--------------+----------+

Report Cell Usage: 
+------+-----+------+
|      |Cell |Count |
+------+-----+------+
|1     |LUT3 |     6|
|2     |LUT5 |     1|
|3     |LUT6 |     5|
|4     |IBUF |    12|
|5     |OBUF |     6|
+------+-----+------+

Report Instance Areas: 
+------+---------+-------+------+
|      |Instance |Module |Cells |
+------+---------+-------+------+
|1     |top      |       |    30|
+------+---------+-------+------+
---------------------------------------------------------------------------------
Finished Writing Synthesis Report : Time (s): cpu = 00:00:10 ; elapsed = 00:00:16 . Memory (MB): peak = 2101.906 ; gain = 612.363 ; free physical = 130 ; free virtual = 7222
---------------------------------------------------------------------------------
Synthesis finished with 0 errors, 0 critical warnings and 1 warnings.
Synthesis Optimization Runtime : Time (s): cpu = 00:00:10 ; elapsed = 00:00:16 . Memory (MB): peak = 2101.906 ; gain = 612.363 ; free physical = 130 ; free virtual = 7222
Synthesis Optimization Complete : Time (s): cpu = 00:00:10 ; elapsed = 00:00:16 . Memory (MB): peak = 2101.914 ; gain = 612.363 ; free physical = 130 ; free virtual = 7222
INFO: [Project 1-571] Translating synthesized netlist
Netlist sorting complete. Time (s): cpu = 00:00:00 ; elapsed = 00:00:00 . Memory (MB): peak = 2116.781 ; gain = 0.000 ; free physical = 283 ; free virtual = 7375
INFO: [Project 1-570] Preparing netlist for logic optimization
INFO: [Opt 31-138] Pushed 0 inverter(s) to 0 load pin(s).
Netlist sorting complete. Time (s): cpu = 00:00:00 ; elapsed = 00:00:00 . Memory (MB): peak = 2270.402 ; gain = 0.000 ; free physical = 163 ; free virtual = 7269
INFO: [Project 1-111] Unisim Transformation Summary:
No Unisim elements were transformed.

Synth Design complete | Checksum: e95f036d
INFO: [Common 17-83] Releasing license: Synthesis
14 Infos, 1 Warnings, 0 Critical Warnings and 0 Errors encountered.
synth_design completed successfully
synth_design: Time (s): cpu = 00:00:15 ; elapsed = 00:00:20 . Memory (MB): peak = 2270.402 ; gain = 780.863 ; free physical = 155 ; free virtual = 7261
INFO: [Common 17-2834] synth_design peak Physical Memory [PSS] (MB): overall = 1472.337; main = 1472.337; forked = 266.401
INFO: [Common 17-2834] synth_design peak Virtual Memory [VSS] (MB): overall = 2795.496; main = 2270.406; forked = 942.398
Write ShapeDB Complete: Time (s): cpu = 00:00:00 ; elapsed = 00:00:00 . Memory (MB): peak = 2294.414 ; gain = 0.000 ; free physical = 154 ; free virtual = 7261
INFO: [Common 17-1381] The checkpoint '/media/sohail/sohails/verilog-examples/carrysave_adder/carrysave_adder.runs/synth_1/csa.dcp' has been generated.
INFO: [Vivado 12-24828] Executing command : report_utilization -file csa_utilization_synth.rpt -pb csa_utilization_synth.pb
INFO: [Common 17-206] Exiting Vivado at Sat Jan 11 19:25:03 2025...
