
*** Running vivado
    with args -log csa.vdi -applog -m64 -product Vivado -messageDb vivado.pb -mode batch -source csa.tcl -notrace


****** Vivado v2024.2 (64-bit)
  **** SW Build 5239630 on Fri Nov 08 22:34:34 MST 2024
  **** IP Build 5239520 on Sun Nov 10 16:12:51 MST 2024
  **** SharedData Build 5239561 on Fri Nov 08 14:39:27 MST 2024
  **** Start of session at: Sat Jan 11 19:25:26 2025
    ** Copyright 1986-2022 Xilinx, Inc. All Rights Reserved.
    ** Copyright 2022-2024 Advanced Micro Devices, Inc. All Rights Reserved.

source csa.tcl -notrace
Command: link_design -top csa -part xc7a35tcpg236-1
Design is defaulting to srcset: sources_1
Design is defaulting to constrset: constrs_1
INFO: [Device 21-403] Loading part xc7a35tcpg236-1
Netlist sorting complete. Time (s): cpu = 00:00:00 ; elapsed = 00:00:00 . Memory (MB): peak = 1485.605 ; gain = 0.000 ; free physical = 806 ; free virtual = 7911
INFO: [Project 1-479] Netlist was created with Vivado 2024.2
INFO: [Project 1-570] Preparing netlist for logic optimization
Read ShapeDB Complete: Time (s): cpu = 00:00:00 ; elapsed = 00:00:00 . Memory (MB): peak = 1543.449 ; gain = 0.000 ; free physical = 724 ; free virtual = 7829
Netlist sorting complete. Time (s): cpu = 00:00:00 ; elapsed = 00:00:00 . Memory (MB): peak = 1544.449 ; gain = 0.000 ; free physical = 724 ; free virtual = 7829
INFO: [Project 1-111] Unisim Transformation Summary:
No Unisim elements were transformed.

4 Infos, 0 Warnings, 0 Critical Warnings and 0 Errors encountered.
link_design completed successfully
Command: opt_design
Attempting to get a license for feature 'Implementation' and/or device 'xc7a35t'
INFO: [Common 17-349] Got license for feature 'Implementation' and/or device 'xc7a35t'
Running DRC as a precondition to command opt_design

Starting DRC Task
INFO: [DRC 23-27] Running DRC with 8 threads
INFO: [Project 1-461] DRC finished with 0 Errors
INFO: [Project 1-462] Please refer to the DRC report (report_drc) for more information.

Time (s): cpu = 00:00:00.93 ; elapsed = 00:00:00.59 . Memory (MB): peak = 1781.871 ; gain = 209.609 ; free physical = 636 ; free virtual = 7741

Starting Cache Timing Information Task
INFO: [Timing 38-35] Done setting XDC timing constraints.
Ending Cache Timing Information Task | Checksum: 19c726d47

Time (s): cpu = 00:00:04 ; elapsed = 00:00:05 . Memory (MB): peak = 2147.824 ; gain = 365.953 ; free physical = 237 ; free virtual = 7365

Starting Logic Optimization Task

Phase 1 Initialization

Phase 1.1 Core Generation And Design Setup
Phase 1.1 Core Generation And Design Setup | Checksum: 19c726d47

Time (s): cpu = 00:00:00 ; elapsed = 00:00:00.01 . Memory (MB): peak = 2494.598 ; gain = 0.000 ; free physical = 143 ; free virtual = 7037

Phase 1.2 Setup Constraints And Sort Netlist
Phase 1.2 Setup Constraints And Sort Netlist | Checksum: 19c726d47

Time (s): cpu = 00:00:00 ; elapsed = 00:00:00.01 . Memory (MB): peak = 2494.598 ; gain = 0.000 ; free physical = 143 ; free virtual = 7037
Phase 1 Initialization | Checksum: 19c726d47

Time (s): cpu = 00:00:00 ; elapsed = 00:00:00.01 . Memory (MB): peak = 2494.598 ; gain = 0.000 ; free physical = 143 ; free virtual = 7037

Phase 2 Timer Update And Timing Data Collection

Phase 2.1 Timer Update
Phase 2.1 Timer Update | Checksum: 19c726d47

Time (s): cpu = 00:00:00.01 ; elapsed = 00:00:00.01 . Memory (MB): peak = 2494.598 ; gain = 0.000 ; free physical = 143 ; free virtual = 7037

Phase 2.2 Timing Data Collection
Phase 2.2 Timing Data Collection | Checksum: 19c726d47

Time (s): cpu = 00:00:00.01 ; elapsed = 00:00:00.01 . Memory (MB): peak = 2494.598 ; gain = 0.000 ; free physical = 143 ; free virtual = 7037
Phase 2 Timer Update And Timing Data Collection | Checksum: 19c726d47

Time (s): cpu = 00:00:00.01 ; elapsed = 00:00:00.01 . Memory (MB): peak = 2494.598 ; gain = 0.000 ; free physical = 143 ; free virtual = 7037

Phase 3 Retarget
INFO: [Opt 31-1851] Number of loadless carry chains removed were: 0
INFO: [Opt 31-1834] Total Chains To Be Transformed Were: 0 AND Number of Transformed insts Created are: 0
INFO: [Opt 31-138] Pushed 0 inverter(s) to 0 load pin(s).
INFO: [Opt 31-49] Retargeted 0 cell(s).
Phase 3 Retarget | Checksum: 19c726d47

Time (s): cpu = 00:00:00.02 ; elapsed = 00:00:00.03 . Memory (MB): peak = 2494.598 ; gain = 0.000 ; free physical = 142 ; free virtual = 7037
Retarget | Checksum: 19c726d47
INFO: [Opt 31-389] Phase Retarget created 0 cells and removed 0 cells

Phase 4 Constant propagation
INFO: [Opt 31-138] Pushed 0 inverter(s) to 0 load pin(s).
Phase 4 Constant propagation | Checksum: 19c726d47

Time (s): cpu = 00:00:00.03 ; elapsed = 00:00:00.03 . Memory (MB): peak = 2494.598 ; gain = 0.000 ; free physical = 142 ; free virtual = 7037
Constant propagation | Checksum: 19c726d47
INFO: [Opt 31-389] Phase Constant propagation created 0 cells and removed 0 cells

Phase 5 Sweep
INFO: [Constraints 18-11670] Building netlist checker database with flags, 0x8
Done building netlist checker database: Time (s): cpu = 00:00:00 ; elapsed = 00:00:00 . Memory (MB): peak = 2494.598 ; gain = 0.000 ; free physical = 142 ; free virtual = 7037
Phase 5 Sweep | Checksum: 19c726d47

Time (s): cpu = 00:00:00.03 ; elapsed = 00:00:00.03 . Memory (MB): peak = 2494.598 ; gain = 0.000 ; free physical = 142 ; free virtual = 7037
Sweep | Checksum: 19c726d47
INFO: [Opt 31-389] Phase Sweep created 0 cells and removed 0 cells

Phase 6 BUFG optimization
Phase 6 BUFG optimization | Checksum: 19c726d47

Time (s): cpu = 00:00:00.03 ; elapsed = 00:00:00.04 . Memory (MB): peak = 2526.613 ; gain = 32.016 ; free physical = 142 ; free virtual = 7036
BUFG optimization | Checksum: 19c726d47
INFO: [Opt 31-662] Phase BUFG optimization created 0 cells of which 0 are BUFGs and removed 0 cells.

Phase 7 Shift Register Optimization
INFO: [Opt 31-1064] SRL Remap converted 0 SRLs to 0 registers and converted 0 registers of register chains to 0 SRLs
Phase 7 Shift Register Optimization | Checksum: 19c726d47

Time (s): cpu = 00:00:00.03 ; elapsed = 00:00:00.04 . Memory (MB): peak = 2526.613 ; gain = 32.016 ; free physical = 142 ; free virtual = 7036
Shift Register Optimization | Checksum: 19c726d47
INFO: [Opt 31-389] Phase Shift Register Optimization created 0 cells and removed 0 cells

Phase 8 Post Processing Netlist
Phase 8 Post Processing Netlist | Checksum: 19c726d47

Time (s): cpu = 00:00:00.03 ; elapsed = 00:00:00.04 . Memory (MB): peak = 2526.613 ; gain = 32.016 ; free physical = 142 ; free virtual = 7036
Post Processing Netlist | Checksum: 19c726d47
INFO: [Opt 31-389] Phase Post Processing Netlist created 0 cells and removed 0 cells

Phase 9 Finalization

Phase 9.1 Finalizing Design Cores and Updating Shapes
Phase 9.1 Finalizing Design Cores and Updating Shapes | Checksum: 19c726d47

Time (s): cpu = 00:00:00.03 ; elapsed = 00:00:00.04 . Memory (MB): peak = 2526.613 ; gain = 32.016 ; free physical = 142 ; free virtual = 7036

Phase 9.2 Verifying Netlist Connectivity

Starting Connectivity Check Task

Time (s): cpu = 00:00:00 ; elapsed = 00:00:00 . Memory (MB): peak = 2526.613 ; gain = 0.000 ; free physical = 141 ; free virtual = 7036
Phase 9.2 Verifying Netlist Connectivity | Checksum: 19c726d47

Time (s): cpu = 00:00:00.03 ; elapsed = 00:00:00.04 . Memory (MB): peak = 2526.613 ; gain = 32.016 ; free physical = 141 ; free virtual = 7036
Phase 9 Finalization | Checksum: 19c726d47

Time (s): cpu = 00:00:00.03 ; elapsed = 00:00:00.04 . Memory (MB): peak = 2526.613 ; gain = 32.016 ; free physical = 141 ; free virtual = 7036
Opt_design Change Summary
=========================


-------------------------------------------------------------------------------------------------------------------------
|  Phase                        |  #Cells created  |  #Cells Removed  |  #Constrained objects preventing optimizations  |
-------------------------------------------------------------------------------------------------------------------------
|  Retarget                     |               0  |               0  |                                              0  |
|  Constant propagation         |               0  |               0  |                                              0  |
|  Sweep                        |               0  |               0  |                                              0  |
|  BUFG optimization            |               0  |               0  |                                              0  |
|  Shift Register Optimization  |               0  |               0  |                                              0  |
|  Post Processing Netlist      |               0  |               0  |                                              0  |
-------------------------------------------------------------------------------------------------------------------------


Ending Logic Optimization Task | Checksum: 19c726d47

Time (s): cpu = 00:00:00.04 ; elapsed = 00:00:00.04 . Memory (MB): peak = 2526.613 ; gain = 32.016 ; free physical = 141 ; free virtual = 7036

Starting Power Optimization Task
INFO: [Pwropt 34-132] Skipping clock gating for clocks with a period < 2.00 ns.
Ending Power Optimization Task | Checksum: 19c726d47

Time (s): cpu = 00:00:00 ; elapsed = 00:00:00.03 . Memory (MB): peak = 2526.613 ; gain = 0.000 ; free physical = 141 ; free virtual = 7036

Starting Final Cleanup Task
Ending Final Cleanup Task | Checksum: 19c726d47

Time (s): cpu = 00:00:00 ; elapsed = 00:00:00 . Memory (MB): peak = 2526.613 ; gain = 0.000 ; free physical = 141 ; free virtual = 7036

Starting Netlist Obfuscation Task
Netlist sorting complete. Time (s): cpu = 00:00:00 ; elapsed = 00:00:00 . Memory (MB): peak = 2526.613 ; gain = 0.000 ; free physical = 141 ; free virtual = 7036
Ending Netlist Obfuscation Task | Checksum: 19c726d47

Time (s): cpu = 00:00:00 ; elapsed = 00:00:00 . Memory (MB): peak = 2526.613 ; gain = 0.000 ; free physical = 141 ; free virtual = 7036
INFO: [Common 17-83] Releasing license: Implementation
24 Infos, 0 Warnings, 0 Critical Warnings and 0 Errors encountered.
opt_design completed successfully
opt_design: Time (s): cpu = 00:00:07 ; elapsed = 00:00:08 . Memory (MB): peak = 2526.613 ; gain = 954.352 ; free physical = 141 ; free virtual = 7036
INFO: [Vivado 12-24828] Executing command : report_drc -file csa_drc_opted.rpt -pb csa_drc_opted.pb -rpx csa_drc_opted.rpx
Command: report_drc -file csa_drc_opted.rpt -pb csa_drc_opted.pb -rpx csa_drc_opted.rpx
INFO: [IP_Flow 19-234] Refreshing IP repositories
INFO: [IP_Flow 19-1704] No user IP repositories specified
INFO: [IP_Flow 19-2313] Loaded Vivado IP repository '/media/sohail/sohails/amdsoftware/Vivado/2024.2/data/ip'.
INFO: [DRC 23-27] Running DRC with 8 threads
INFO: [Vivado_Tcl 2-168] The results of DRC are in file /media/sohail/sohails/verilog-examples/carrysave_adder/carrysave_adder.runs/impl_1/csa_drc_opted.rpt.
report_drc completed successfully
Write ShapeDB Complete: Time (s): cpu = 00:00:00 ; elapsed = 00:00:00 . Memory (MB): peak = 2551.363 ; gain = 0.000 ; free physical = 144 ; free virtual = 7017
INFO: [Common 17-1381] The checkpoint '/media/sohail/sohails/verilog-examples/carrysave_adder/carrysave_adder.runs/impl_1/csa_opt.dcp' has been generated.
Command: place_design
Attempting to get a license for feature 'Implementation' and/or device 'xc7a35t'
INFO: [Common 17-349] Got license for feature 'Implementation' and/or device 'xc7a35t'
INFO: [Common 17-83] Releasing license: Implementation
INFO: [DRC 23-27] Running DRC with 8 threads
INFO: [Vivado_Tcl 4-198] DRC finished with 0 Errors
INFO: [Vivado_Tcl 4-199] Please refer to the DRC report (report_drc) for more information.
Running DRC as a precondition to command place_design
INFO: [DRC 23-27] Running DRC with 8 threads
INFO: [Vivado_Tcl 4-198] DRC finished with 0 Errors
INFO: [Vivado_Tcl 4-199] Please refer to the DRC report (report_drc) for more information.
INFO: [Place 30-611] Multithreading enabled for place_design using a maximum of 8 CPUs

Starting Placer Task

Phase 1 Placer Initialization

Phase 1.1 Placer Initialization Netlist Sorting
Netlist sorting complete. Time (s): cpu = 00:00:00 ; elapsed = 00:00:00 . Memory (MB): peak = 2597.812 ; gain = 0.000 ; free physical = 134 ; free virtual = 6977
Phase 1.1 Placer Initialization Netlist Sorting | Checksum: b31369da

Time (s): cpu = 00:00:00 ; elapsed = 00:00:00.02 . Memory (MB): peak = 2597.812 ; gain = 0.000 ; free physical = 134 ; free virtual = 6977
Netlist sorting complete. Time (s): cpu = 00:00:00 ; elapsed = 00:00:00 . Memory (MB): peak = 2597.812 ; gain = 0.000 ; free physical = 134 ; free virtual = 6978

Phase 1.2 IO Placement/ Clock Placement/ Build Placer Device
INFO: [Timing 38-35] Done setting XDC timing constraints.
Phase 1.2 IO Placement/ Clock Placement/ Build Placer Device | Checksum: 17871e737

Time (s): cpu = 00:00:00.45 ; elapsed = 00:00:00.36 . Memory (MB): peak = 2629.828 ; gain = 32.016 ; free physical = 152 ; free virtual = 6974

Phase 1.3 Build Placer Netlist Model
Phase 1.3 Build Placer Netlist Model | Checksum: 274b32304

Time (s): cpu = 00:00:00.67 ; elapsed = 00:00:00.49 . Memory (MB): peak = 2629.828 ; gain = 32.016 ; free physical = 149 ; free virtual = 6972

Phase 1.4 Constrain Clocks/Macros
Phase 1.4 Constrain Clocks/Macros | Checksum: 274b32304

Time (s): cpu = 00:00:00.67 ; elapsed = 00:00:00.49 . Memory (MB): peak = 2629.828 ; gain = 32.016 ; free physical = 149 ; free virtual = 6972
Phase 1 Placer Initialization | Checksum: 274b32304

Time (s): cpu = 00:00:00.68 ; elapsed = 00:00:00.49 . Memory (MB): peak = 2629.828 ; gain = 32.016 ; free physical = 149 ; free virtual = 6972

Phase 2 Global Placement

Phase 2.1 Floorplanning
Phase 2.1 Floorplanning | Checksum: 274b32304

Time (s): cpu = 00:00:00.69 ; elapsed = 00:00:00.52 . Memory (MB): peak = 2629.828 ; gain = 32.016 ; free physical = 148 ; free virtual = 6971

Phase 2.2 Update Timing before SLR Path Opt
Phase 2.2 Update Timing before SLR Path Opt | Checksum: 274b32304

Time (s): cpu = 00:00:00.69 ; elapsed = 00:00:00.52 . Memory (MB): peak = 2629.828 ; gain = 32.016 ; free physical = 148 ; free virtual = 6972

Phase 2.3 Post-Processing in Floorplanning
Phase 2.3 Post-Processing in Floorplanning | Checksum: 274b32304

Time (s): cpu = 00:00:00.69 ; elapsed = 00:00:00.52 . Memory (MB): peak = 2629.828 ; gain = 32.016 ; free physical = 148 ; free virtual = 6972

Phase 2.4 Global Place Phase1
Phase 2.4 Global Place Phase1 | Checksum: 1da33c543

Time (s): cpu = 00:00:01 ; elapsed = 00:00:00.64 . Memory (MB): peak = 2653.840 ; gain = 56.027 ; free physical = 162 ; free virtual = 6986

Phase 2.5 Global Place Phase2
WARNING: [Place 46-29] Timing had been disabled during Placer and, therefore, physical synthesis in Placer will be skipped.
Phase 2.5 Global Place Phase2 | Checksum: 1e9cb4225

Time (s): cpu = 00:00:02 ; elapsed = 00:00:00.73 . Memory (MB): peak = 2653.840 ; gain = 56.027 ; free physical = 161 ; free virtual = 6985
Phase 2 Global Placement | Checksum: 1e9cb4225

Time (s): cpu = 00:00:02 ; elapsed = 00:00:00.74 . Memory (MB): peak = 2653.840 ; gain = 56.027 ; free physical = 161 ; free virtual = 6985

Phase 3 Detail Placement

Phase 3.1 Commit Multi Column Macros
Phase 3.1 Commit Multi Column Macros | Checksum: 1e9cb4225

Time (s): cpu = 00:00:02 ; elapsed = 00:00:00.74 . Memory (MB): peak = 2653.840 ; gain = 56.027 ; free physical = 161 ; free virtual = 6985

Phase 3.2 Commit Most Macros & LUTRAMs
Phase 3.2 Commit Most Macros & LUTRAMs | Checksum: 190a0fb3f

Time (s): cpu = 00:00:02 ; elapsed = 00:00:00.75 . Memory (MB): peak = 2653.840 ; gain = 56.027 ; free physical = 161 ; free virtual = 6985

Phase 3.3 Area Swap Optimization
Phase 3.3 Area Swap Optimization | Checksum: 1fa57d03c

Time (s): cpu = 00:00:02 ; elapsed = 00:00:00.75 . Memory (MB): peak = 2653.840 ; gain = 56.027 ; free physical = 161 ; free virtual = 6985

Phase 3.4 Pipeline Register Optimization
Phase 3.4 Pipeline Register Optimization | Checksum: 1fa57d03c

Time (s): cpu = 00:00:02 ; elapsed = 00:00:00.76 . Memory (MB): peak = 2653.840 ; gain = 56.027 ; free physical = 161 ; free virtual = 6985

Phase 3.5 Small Shape Detail Placement
Phase 3.5 Small Shape Detail Placement | Checksum: 1628df247

Time (s): cpu = 00:00:02 ; elapsed = 00:00:00.82 . Memory (MB): peak = 2653.840 ; gain = 56.027 ; free physical = 157 ; free virtual = 6982

Phase 3.6 Re-assign LUT pins
Phase 3.6 Re-assign LUT pins | Checksum: 1628df247

Time (s): cpu = 00:00:02 ; elapsed = 00:00:00.83 . Memory (MB): peak = 2653.840 ; gain = 56.027 ; free physical = 157 ; free virtual = 6982

Phase 3.7 Pipeline Register Optimization
Phase 3.7 Pipeline Register Optimization | Checksum: 1628df247

Time (s): cpu = 00:00:02 ; elapsed = 00:00:00.83 . Memory (MB): peak = 2653.840 ; gain = 56.027 ; free physical = 157 ; free virtual = 6982
Phase 3 Detail Placement | Checksum: 1628df247

Time (s): cpu = 00:00:02 ; elapsed = 00:00:00.83 . Memory (MB): peak = 2653.840 ; gain = 56.027 ; free physical = 157 ; free virtual = 6982

Phase 4 Post Placement Optimization and Clean-Up

Phase 4.1 Post Commit Optimization
Phase 4.1 Post Commit Optimization | Checksum: 1628df247

Time (s): cpu = 00:00:02 ; elapsed = 00:00:00.86 . Memory (MB): peak = 2653.840 ; gain = 56.027 ; free physical = 157 ; free virtual = 6982

Phase 4.2 Post Placement Cleanup
Phase 4.2 Post Placement Cleanup | Checksum: 1628df247

Time (s): cpu = 00:00:03 ; elapsed = 00:00:00.87 . Memory (MB): peak = 2653.840 ; gain = 56.027 ; free physical = 157 ; free virtual = 6982

Phase 4.3 Placer Reporting

Phase 4.3.1 Print Estimated Congestion
INFO: [Place 30-612] Post-Placement Estimated Congestion 
 ____________________________________________________
|           | Global Congestion | Short Congestion  |
| Direction | Region Size       | Region Size       |
|___________|___________________|___________________|
|      North|                1x1|                1x1|
|___________|___________________|___________________|
|      South|                1x1|                1x1|
|___________|___________________|___________________|
|       East|                1x1|                1x1|
|___________|___________________|___________________|
|       West|                1x1|                1x1|
|___________|___________________|___________________|

Phase 4.3.1 Print Estimated Congestion | Checksum: 1628df247

Time (s): cpu = 00:00:03 ; elapsed = 00:00:00.87 . Memory (MB): peak = 2653.840 ; gain = 56.027 ; free physical = 157 ; free virtual = 6982
Phase 4.3 Placer Reporting | Checksum: 1628df247

Time (s): cpu = 00:00:03 ; elapsed = 00:00:00.87 . Memory (MB): peak = 2653.840 ; gain = 56.027 ; free physical = 157 ; free virtual = 6982

Phase 4.4 Final Placement Cleanup
Netlist sorting complete. Time (s): cpu = 00:00:00 ; elapsed = 00:00:00 . Memory (MB): peak = 2653.840 ; gain = 0.000 ; free physical = 157 ; free virtual = 6982

Time (s): cpu = 00:00:03 ; elapsed = 00:00:00.87 . Memory (MB): peak = 2653.840 ; gain = 56.027 ; free physical = 157 ; free virtual = 6982
Phase 4 Post Placement Optimization and Clean-Up | Checksum: 1628df247

Time (s): cpu = 00:00:03 ; elapsed = 00:00:00.87 . Memory (MB): peak = 2653.840 ; gain = 56.027 ; free physical = 157 ; free virtual = 6982
Ending Placer Task | Checksum: 14deecfce

Time (s): cpu = 00:00:03 ; elapsed = 00:00:00.87 . Memory (MB): peak = 2653.840 ; gain = 56.027 ; free physical = 157 ; free virtual = 6982
42 Infos, 1 Warnings, 0 Critical Warnings and 0 Errors encountered.
place_design completed successfully
INFO: [Vivado 12-24838] Running report commands "report_control_sets, report_io, report_utilization" in parallel.
Running report generation with 3 threads.
INFO: [Vivado 12-24828] Executing command : report_utilization -file csa_utilization_placed.rpt -pb csa_utilization_placed.pb
INFO: [Vivado 12-24828] Executing command : report_control_sets -verbose -file csa_control_sets_placed.rpt
report_control_sets: Time (s): cpu = 00:00:00.04 ; elapsed = 00:00:00.04 . Memory (MB): peak = 2653.840 ; gain = 0.000 ; free physical = 140 ; free virtual = 6965
INFO: [Vivado 12-24828] Executing command : report_io -file csa_io_placed.rpt
report_io: Time (s): cpu = 00:00:00.08 ; elapsed = 00:00:00.11 . Memory (MB): peak = 2653.840 ; gain = 0.000 ; free physical = 133 ; free virtual = 6958
Write ShapeDB Complete: Time (s): cpu = 00:00:00 ; elapsed = 00:00:00 . Memory (MB): peak = 2653.840 ; gain = 0.000 ; free physical = 133 ; free virtual = 6958
Wrote PlaceDB: Time (s): cpu = 00:00:00 ; elapsed = 00:00:00.01 . Memory (MB): peak = 2653.840 ; gain = 0.000 ; free physical = 133 ; free virtual = 6958
Wrote PulsedLatchDB: Time (s): cpu = 00:00:00 ; elapsed = 00:00:00 . Memory (MB): peak = 2653.840 ; gain = 0.000 ; free physical = 133 ; free virtual = 6958
Writing XDEF routing.
Writing XDEF routing logical nets.
Writing XDEF routing special nets.
Wrote RouteStorage: Time (s): cpu = 00:00:00.05 ; elapsed = 00:00:00.1 . Memory (MB): peak = 2653.840 ; gain = 0.000 ; free physical = 132 ; free virtual = 6958
Wrote Netlist Cache: Time (s): cpu = 00:00:00 ; elapsed = 00:00:00 . Memory (MB): peak = 2653.840 ; gain = 0.000 ; free physical = 132 ; free virtual = 6958
Wrote Device Cache: Time (s): cpu = 00:00:00.01 ; elapsed = 00:00:00 . Memory (MB): peak = 2653.840 ; gain = 0.000 ; free physical = 132 ; free virtual = 6958
Write Physdb Complete: Time (s): cpu = 00:00:00.06 ; elapsed = 00:00:00.11 . Memory (MB): peak = 2653.840 ; gain = 0.000 ; free physical = 132 ; free virtual = 6958
INFO: [Common 17-1381] The checkpoint '/media/sohail/sohails/verilog-examples/carrysave_adder/carrysave_adder.runs/impl_1/csa_placed.dcp' has been generated.
Command: phys_opt_design
Attempting to get a license for feature 'Implementation' and/or device 'xc7a35t'
INFO: [Common 17-349] Got license for feature 'Implementation' and/or device 'xc7a35t'

Starting Initial Update Timing Task

Time (s): cpu = 00:00:00.01 ; elapsed = 00:00:00 . Memory (MB): peak = 2653.840 ; gain = 0.000 ; free physical = 140 ; free virtual = 6950
INFO: [Vivado_Tcl 4-235] No timing constraint found. The netlist was not modified.
INFO: [Common 17-83] Releasing license: Implementation
50 Infos, 1 Warnings, 0 Critical Warnings and 0 Errors encountered.
phys_opt_design completed successfully
Write ShapeDB Complete: Time (s): cpu = 00:00:00 ; elapsed = 00:00:00 . Memory (MB): peak = 2653.840 ; gain = 0.000 ; free physical = 153 ; free virtual = 6951
Wrote PlaceDB: Time (s): cpu = 00:00:00 ; elapsed = 00:00:00 . Memory (MB): peak = 2653.840 ; gain = 0.000 ; free physical = 153 ; free virtual = 6951
Wrote PulsedLatchDB: Time (s): cpu = 00:00:00 ; elapsed = 00:00:00 . Memory (MB): peak = 2653.840 ; gain = 0.000 ; free physical = 153 ; free virtual = 6951
Writing XDEF routing.
Writing XDEF routing logical nets.
Writing XDEF routing special nets.
Wrote RouteStorage: Time (s): cpu = 00:00:00.01 ; elapsed = 00:00:00.01 . Memory (MB): peak = 2653.840 ; gain = 0.000 ; free physical = 156 ; free virtual = 6954
Wrote Netlist Cache: Time (s): cpu = 00:00:00 ; elapsed = 00:00:00 . Memory (MB): peak = 2653.840 ; gain = 0.000 ; free physical = 156 ; free virtual = 6954
Wrote Device Cache: Time (s): cpu = 00:00:00 ; elapsed = 00:00:00 . Memory (MB): peak = 2653.840 ; gain = 0.000 ; free physical = 156 ; free virtual = 6954
Write Physdb Complete: Time (s): cpu = 00:00:00.01 ; elapsed = 00:00:00.01 . Memory (MB): peak = 2653.840 ; gain = 0.000 ; free physical = 155 ; free virtual = 6954
INFO: [Common 17-1381] The checkpoint '/media/sohail/sohails/verilog-examples/carrysave_adder/carrysave_adder.runs/impl_1/csa_physopt.dcp' has been generated.
Command: route_design
Attempting to get a license for feature 'Implementation' and/or device 'xc7a35t'
INFO: [Common 17-349] Got license for feature 'Implementation' and/or device 'xc7a35t'


Starting Routing Task
INFO: [Route 35-254] Multithreading enabled for route_design using a maximum of 8 CPUs

Phase 1 Build RT Design
Checksum: PlaceDB: 9adb65f4 ConstDB: 0 ShapeSum: 12920d83 RouteDB: a0815c57
Post Restoration Checksum: NetGraph: fcd68c57 | NumContArr: 787e7bf7 | Constraints: c2a8fa9d | Timing: c2a8fa9d
Phase 1 Build RT Design | Checksum: 2faa6fd88

Time (s): cpu = 00:00:11 ; elapsed = 00:00:10 . Memory (MB): peak = 2692.793 ; gain = 38.953 ; free physical = 149 ; free virtual = 6892

Phase 2 Router Initialization
INFO: [Route 35-64] No timing constraints were detected. The router will operate in resource-optimization mode.

Phase 2.1 Fix Topology Constraints
Phase 2.1 Fix Topology Constraints | Checksum: 2faa6fd88

Time (s): cpu = 00:00:11 ; elapsed = 00:00:10 . Memory (MB): peak = 2722.793 ; gain = 68.953 ; free physical = 156 ; free virtual = 6897

Phase 2.2 Pre Route Cleanup
Phase 2.2 Pre Route Cleanup | Checksum: 2faa6fd88

Time (s): cpu = 00:00:11 ; elapsed = 00:00:10 . Memory (MB): peak = 2722.793 ; gain = 68.953 ; free physical = 156 ; free virtual = 6898
 Number of Nodes with overlaps = 0

Router Utilization Summary
  Global Vertical Routing Utilization    = 0 %
  Global Horizontal Routing Utilization  = 0 %
  Routable Net Status*
  *Does not include unroutable nets such as driverless and loadless.
  Run report_route_status for detailed report.
  Number of Failed Nets               = 24
    (Failed Nets is the sum of unrouted and partially routed nets)
  Number of Unrouted Nets             = 24
  Number of Partially Routed Nets     = 0
  Number of Node Overlaps             = 0

Phase 2 Router Initialization | Checksum: 2d2a94e9a

Time (s): cpu = 00:00:12 ; elapsed = 00:00:10 . Memory (MB): peak = 2739.793 ; gain = 85.953 ; free physical = 207 ; free virtual = 6879

Phase 3 Global Routing
Phase 3 Global Routing | Checksum: 2d2a94e9a

Time (s): cpu = 00:00:12 ; elapsed = 00:00:10 . Memory (MB): peak = 2739.793 ; gain = 85.953 ; free physical = 207 ; free virtual = 6879

Phase 4 Initial Routing

Phase 4.1 Initial Net Routing Pass
Phase 4.1 Initial Net Routing Pass | Checksum: 29933426c

Time (s): cpu = 00:00:12 ; elapsed = 00:00:10 . Memory (MB): peak = 2739.793 ; gain = 85.953 ; free physical = 199 ; free virtual = 6871
Phase 4 Initial Routing | Checksum: 29933426c

Time (s): cpu = 00:00:12 ; elapsed = 00:00:10 . Memory (MB): peak = 2739.793 ; gain = 85.953 ; free physical = 199 ; free virtual = 6871

Phase 5 Rip-up And Reroute

Phase 5.1 Global Iteration 0
 Number of Nodes with overlaps = 1
 Number of Nodes with overlaps = 0
Phase 5.1 Global Iteration 0 | Checksum: 36bbc893a

Time (s): cpu = 00:00:12 ; elapsed = 00:00:10 . Memory (MB): peak = 2739.793 ; gain = 85.953 ; free physical = 199 ; free virtual = 6870
Phase 5 Rip-up And Reroute | Checksum: 36bbc893a

Time (s): cpu = 00:00:12 ; elapsed = 00:00:10 . Memory (MB): peak = 2739.793 ; gain = 85.953 ; free physical = 199 ; free virtual = 6870

Phase 6 Delay and Skew Optimization
Phase 6 Delay and Skew Optimization | Checksum: 36bbc893a

Time (s): cpu = 00:00:12 ; elapsed = 00:00:10 . Memory (MB): peak = 2739.793 ; gain = 85.953 ; free physical = 199 ; free virtual = 6870

Phase 7 Post Hold Fix

Phase 7.1 Hold Fix Iter
Phase 7.1 Hold Fix Iter | Checksum: 36bbc893a

Time (s): cpu = 00:00:12 ; elapsed = 00:00:10 . Memory (MB): peak = 2739.793 ; gain = 85.953 ; free physical = 199 ; free virtual = 6870
Phase 7 Post Hold Fix | Checksum: 36bbc893a

Time (s): cpu = 00:00:12 ; elapsed = 00:00:10 . Memory (MB): peak = 2739.793 ; gain = 85.953 ; free physical = 199 ; free virtual = 6870

Phase 8 Route finalize

Router Utilization Summary
  Global Vertical Routing Utilization    = 0.00717532 %
  Global Horizontal Routing Utilization  = 0.0054659 %
  Routable Net Status*
  *Does not include unroutable nets such as driverless and loadless.
  Run report_route_status for detailed report.
  Number of Failed Nets               = 0
    (Failed Nets is the sum of unrouted and partially routed nets)
  Number of Unrouted Nets             = 0
  Number of Partially Routed Nets     = 0
  Number of Node Overlaps             = 0


--GLOBAL Congestion:
Utilization threshold used for congestion level computation: 0.85
Congestion Report
North Dir 1x1 Area, Max Cong = 27.027%, No Congested Regions.
South Dir 1x1 Area, Max Cong = 3.6036%, No Congested Regions.
East Dir 1x1 Area, Max Cong = 4.41176%, No Congested Regions.
West Dir 1x1 Area, Max Cong = 8.82353%, No Congested Regions.

------------------------------
Reporting congestion hotspots
------------------------------
Direction: North
----------------
Congested clusters found at Level 0
Effective congestion level: 0 Aspect Ratio: 1 Sparse Ratio: 0
Direction: South
----------------
Congested clusters found at Level 0
Effective congestion level: 0 Aspect Ratio: 1 Sparse Ratio: 0
Direction: East
----------------
Congested clusters found at Level 0
Effective congestion level: 0 Aspect Ratio: 1 Sparse Ratio: 0
Direction: West
----------------
Congested clusters found at Level 0
Effective congestion level: 0 Aspect Ratio: 1 Sparse Ratio: 0

Phase 8 Route finalize | Checksum: 36bbc893a

Time (s): cpu = 00:00:12 ; elapsed = 00:00:10 . Memory (MB): peak = 2739.793 ; gain = 85.953 ; free physical = 199 ; free virtual = 6870

Phase 9 Verifying routed nets

 Verification completed successfully
Phase 9 Verifying routed nets | Checksum: 36bbc893a

Time (s): cpu = 00:00:12 ; elapsed = 00:00:10 . Memory (MB): peak = 2739.793 ; gain = 85.953 ; free physical = 198 ; free virtual = 6870

Phase 10 Depositing Routes
Phase 10 Depositing Routes | Checksum: 2b12de2fa

Time (s): cpu = 00:00:12 ; elapsed = 00:00:10 . Memory (MB): peak = 2739.793 ; gain = 85.953 ; free physical = 198 ; free virtual = 6870

Phase 11 Post Process Routing
Phase 11 Post Process Routing | Checksum: 2b12de2fa

Time (s): cpu = 00:00:12 ; elapsed = 00:00:10 . Memory (MB): peak = 2739.793 ; gain = 85.953 ; free physical = 198 ; free virtual = 6870
Total Elapsed time in route_design: 10.21 secs

Phase 12 Post-Route Event Processing
Phase 12 Post-Route Event Processing | Checksum: 168712d60

Time (s): cpu = 00:00:12 ; elapsed = 00:00:10 . Memory (MB): peak = 2739.793 ; gain = 85.953 ; free physical = 198 ; free virtual = 6870
INFO: [Route 35-16] Router Completed Successfully
Ending Routing Task | Checksum: 168712d60

Time (s): cpu = 00:00:12 ; elapsed = 00:00:10 . Memory (MB): peak = 2739.793 ; gain = 85.953 ; free physical = 198 ; free virtual = 6870

Routing Is Done.
INFO: [Common 17-83] Releasing license: Implementation
56 Infos, 1 Warnings, 0 Critical Warnings and 0 Errors encountered.
route_design completed successfully
route_design: Time (s): cpu = 00:00:12 ; elapsed = 00:00:10 . Memory (MB): peak = 2739.793 ; gain = 85.953 ; free physical = 198 ; free virtual = 6870
INFO: [Vivado 12-24828] Executing command : report_drc -file csa_drc_routed.rpt -pb csa_drc_routed.pb -rpx csa_drc_routed.rpx
Command: report_drc -file csa_drc_routed.rpt -pb csa_drc_routed.pb -rpx csa_drc_routed.rpx
INFO: [IP_Flow 19-1839] IP Catalog is up to date.
INFO: [DRC 23-27] Running DRC with 8 threads
INFO: [Vivado_Tcl 2-168] The results of DRC are in file /media/sohail/sohails/verilog-examples/carrysave_adder/carrysave_adder.runs/impl_1/csa_drc_routed.rpt.
report_drc completed successfully
INFO: [Vivado 12-24828] Executing command : report_methodology -file csa_methodology_drc_routed.rpt -pb csa_methodology_drc_routed.pb -rpx csa_methodology_drc_routed.rpx
Command: report_methodology -file csa_methodology_drc_routed.rpt -pb csa_methodology_drc_routed.pb -rpx csa_methodology_drc_routed.rpx
INFO: [Timing 38-35] Done setting XDC timing constraints.
INFO: [DRC 23-133] Running Methodology with 8 threads
INFO: [Vivado_Tcl 2-1520] The results of Report Methodology are in file /media/sohail/sohails/verilog-examples/carrysave_adder/carrysave_adder.runs/impl_1/csa_methodology_drc_routed.rpt.
report_methodology completed successfully
INFO: [Vivado 12-24828] Executing command : report_timing_summary -max_paths 10 -report_unconstrained -file csa_timing_summary_routed.rpt -pb csa_timing_summary_routed.pb -rpx csa_timing_summary_routed.rpx -warn_on_violation 
INFO: [Timing 38-35] Done setting XDC timing constraints.
INFO: [Timing 38-91] UpdateTimingParams: Speed grade: -1, Delay Type: min_max.
INFO: [Timing 38-191] Multithreading enabled for timing update using a maximum of 8 CPUs
WARNING: [Timing 38-313] There are no user specified timing constraints. Timing constraints are needed for proper timing analysis.
INFO: [Vivado 12-24838] Running report commands "report_bus_skew, report_incremental_reuse, report_route_status" in parallel.
Running report generation with 3 threads.
INFO: [Vivado 12-24828] Executing command : report_incremental_reuse -file csa_incremental_reuse_routed.rpt
INFO: [Vivado_Tcl 4-1062] Incremental flow is disabled. No incremental reuse Info to report.
INFO: [Vivado 12-24828] Executing command : report_route_status -file csa_route_status.rpt -pb csa_route_status.pb
INFO: [Vivado 12-24828] Executing command : report_bus_skew -warn_on_violation -file csa_bus_skew_routed.rpt -pb csa_bus_skew_routed.pb -rpx csa_bus_skew_routed.rpx
INFO: [Timing 38-91] UpdateTimingParams: Speed grade: -1, Delay Type: min_max.
INFO: [Timing 38-191] Multithreading enabled for timing update using a maximum of 8 CPUs
INFO: [Vivado 12-24828] Executing command : report_power -file csa_power_routed.rpt -pb csa_power_summary_routed.pb -rpx csa_power_routed.rpx
Command: report_power -file csa_power_routed.rpt -pb csa_power_summary_routed.pb -rpx csa_power_routed.rpx
WARNING: [Power 33-232] No user defined clocks were found in the design! Power estimation will be inaccurate until this is corrected.
Resolution: Please specify clocks using create_clock/create_generated_clock for sequential elements. For pure combinatorial circuits, please specify a virtual clock, otherwise the vectorless estimation might be inaccurate
Running Vector-less Activity Propagation...

Finished Running Vector-less Activity Propagation
76 Infos, 3 Warnings, 0 Critical Warnings and 0 Errors encountered.
report_power completed successfully
INFO: [Vivado 12-24828] Executing command : report_clock_utilization -file csa_clock_utilization_routed.rpt
Write ShapeDB Complete: Time (s): cpu = 00:00:00 ; elapsed = 00:00:00 . Memory (MB): peak = 2892.152 ; gain = 0.000 ; free physical = 134 ; free virtual = 6757
Wrote PlaceDB: Time (s): cpu = 00:00:00 ; elapsed = 00:00:00 . Memory (MB): peak = 2892.152 ; gain = 0.000 ; free physical = 134 ; free virtual = 6757
Wrote PulsedLatchDB: Time (s): cpu = 00:00:00 ; elapsed = 00:00:00 . Memory (MB): peak = 2892.152 ; gain = 0.000 ; free physical = 134 ; free virtual = 6757
Writing XDEF routing.
Writing XDEF routing logical nets.
Writing XDEF routing special nets.
Wrote RouteStorage: Time (s): cpu = 00:00:00.01 ; elapsed = 00:00:00.01 . Memory (MB): peak = 2892.152 ; gain = 0.000 ; free physical = 134 ; free virtual = 6757
Wrote Netlist Cache: Time (s): cpu = 00:00:00 ; elapsed = 00:00:00 . Memory (MB): peak = 2892.152 ; gain = 0.000 ; free physical = 134 ; free virtual = 6757
Wrote Device Cache: Time (s): cpu = 00:00:00 ; elapsed = 00:00:00 . Memory (MB): peak = 2892.152 ; gain = 0.000 ; free physical = 134 ; free virtual = 6757
Write Physdb Complete: Time (s): cpu = 00:00:00.01 ; elapsed = 00:00:00.01 . Memory (MB): peak = 2892.152 ; gain = 0.000 ; free physical = 134 ; free virtual = 6757
INFO: [Common 17-1381] The checkpoint '/media/sohail/sohails/verilog-examples/carrysave_adder/carrysave_adder.runs/impl_1/csa_routed.dcp' has been generated.
INFO: [Common 17-206] Exiting Vivado at Sat Jan 11 19:25:55 2025...
