#-----------------------------------------------------------
# Vivado v2024.2 (64-bit)
# SW Build 5239630 on Fri Nov 08 22:34:34 MST 2024
# IP Build 5239520 on Sun Nov 10 16:12:51 MST 2024
# SharedData Build 5239561 on Fri Nov 08 14:39:27 MST 2024
# Start of session at: Sat Jan 11 18:29:37 2025
# Process ID         : 7745
# Current directory  : /media/sohail/sohails/verilog-examples/carrysave_adder
# Command line       : vivado -mode tcl
# Log file           : /media/sohail/sohails/verilog-examples/carrysave_adder/vivado.log
# Journal file       : /media/sohail/sohails/verilog-examples/carrysave_adder/vivado.jou
# Running On         : sohail
# Platform           : Ubuntu
# Operating System   : Ubuntu 24.04.1 LTS
# Processor Detail   : 11th Gen Intel(R) Core(TM) i5-1135G7 @ 2.40GHz
# CPU Frequency      : 1278.847 MHz
# CPU Physical cores : 4
# CPU Logical cores  : 8
# Host memory        : 8041 MB
# Swap memory        : 4294 MB
# Total Virtual      : 12335 MB
# Available Virtual  : 9880 MB
#-----------------------------------------------------------
file create full_adder.v
unknown or ambiguous subcommand "create": must be atime, attributes, channels, copy, delete, dirname, executable, exists, extension, isdirectory, isfile, join, link, lstat, mkdir, mtime, nativename, normalize, owned, pathtype, readable, readlink, rename, rootname, separator, size, split, stat, system, tail, tempfile, type, volumes, or writable
ls
WARNING: [Common 17-259] Unknown Tcl command 'ls' sending command to the OS shell for execution. It is recommended to use 'exec' to send the command to the OS shell.
exit
INFO: [Common 17-206] Exiting Vivado at Sat Jan 11 18:34:58 2025...
